Socrates :thinking 
Plato :thinking 
Aristotle :thinking 
Thales :thinking 
Empedocles :thinking 
Socrates :single-fork (0)
Socrates :eating (0 1)
Thales :single-fork (4)
Thales :eating (4 3)
Plato :single-fork (2)
Aristotle :single-fork (2)
Plato :thinking 
Plato :single-fork (2)
Aristotle :thinking 
Plato :thinking 
Aristotle :single-fork (2)
Plato :single-fork (2)
Aristotle :thinking 
Socrates :single-fork (1)
Empedocles :single-fork (0)
Socrates :thinking 
Plato :eating (2 1)
Socrates :single-fork (0)
Empedocles :thinking 
Thales :single-fork (4)
Aristotle :single-fork (3)
Aristotle :thinking 
Thales :eating (4 3)
Empedocles :single-fork (0)
Socrates :thinking 
Socrates :single-fork (0)
Empedocles :thinking 
Plato :single-fork (2)
Socrates :eating (0 1)
Plato :thinking 
Aristotle :single-fork (2)
Thales :single-fork (3)
Empedocles :single-fork (4)
Thales :thinking 
Aristotle :eating (2 3)
Thales :single-fork (4)
Empedocles :thinking 
Empedocles :single-fork (4)
Thales :thinking 
Aristotle :single-fork (3)
Plato :single-fork (2)
Plato :thinking 
Aristotle :eating (2 3)
Thales :single-fork (4)
Empedocles :thinking 
Empedocles :single-fork (0)
Socrates :single-fork (1)
Empedocles :eating (4 0)
Thales :thinking 
Socrates :thinking 
Plato :single-fork (1)
Socrates :single-fork (1)
Plato :thinking 
Socrates :thinking 
Plato :single-fork (1)
Aristotle :single-fork (3)
Plato :eating (2 1)
Aristotle :thinking 
Thales :single-fork (3)
Thales :thinking 
Aristotle :single-fork (3)
Socrates :single-fork (0)
Empedocles :single-fork (4)
Empedocles :eating (4 0)
Socrates :thinking 
Aristotle :thinking 
Thales :single-fork (3)
Plato :single-fork (2)
Socrates :single-fork (1)
Socrates :thinking 
Plato :eating (2 1)
Thales :thinking 
Aristotle :single-fork (3)
Aristotle :thinking 
Thales :single-fork (3)
Empedocles :single-fork (0)
Empedocles :thinking 
Plato :single-fork (1)
Plato :thinking 
